android/app/build/intermediates/manifest_merge_blame_file/debug/manifest-merger-blame-debug-report.txt
1<?xml version="1.0" encoding="utf-8"?>
2<manifest xmlns:android="http://schemas.android.com/apk/res/android"
3    package="com.test1"
4    android:versionCode="1"
5    android:versionName="1.0" >
6
7    <uses-sdk
8        android:minSdkVersion="21"
9        android:targetSdkVersion="31" />
10
11    <uses-permission android:name="android.permission.SYSTEM_ALERT_WINDOW" />
11-->src/debug/AndroidManifest.xml:5:5-77
11-->src/debug/AndroidManifest.xml:5:22-75
12    <uses-permission android:name="android.permission.INTERNET" />
12-->src/main/AndroidManifest.xml:4:5-67
12-->src/main/AndroidManifest.xml:4:22-64
13    <uses-permission android:name="android.permission.ACCESS_WIFI_STATE" />
13-->[com.facebook.flipper:flipper:0.125.0] AndroidManifest.xml:16:5-76
13-->[com.facebook.flipper:flipper:0.125.0] AndroidManifest.xml:16:22-73
14    <uses-permission android:name="android.permission.CAMERA" />
14-->[com.github.idenfy:sdk-api:5.4.1] AndroidManifest.xml:12:5-65
14-->[com.github.idenfy:sdk-api:5.4.1] AndroidManifest.xml:12:22-62
15    <uses-permission android:name="android.permission.NFC" />
15-->[com.github.idenfy:sdk-api:5.4.1] AndroidManifest.xml:14:5-62
15-->[com.github.idenfy:sdk-api:5.4.1] AndroidManifest.xml:14:22-59
16
17    <uses-feature
17-->[com.github.idenfy:sdk-api:5.4.1] AndroidManifest.xml:16:5-18:36
18        android:name="android.hardware.camera"
18-->[com.github.idenfy:sdk-api:5.4.1] AndroidManifest.xml:17:9-47
19        android:required="false" />
19-->[com.github.idenfy:sdk-api:5.4.1] AndroidManifest.xml:18:9-33
20    <uses-feature
20-->[com.github.idenfy:sdk-api:5.4.1] AndroidManifest.xml:19:5-21:36
21        android:name="android.hardware.camera.autofocus"
21-->[com.github.idenfy:sdk-api:5.4.1] AndroidManifest.xml:20:9-57
22        android:required="false" />
22-->[com.github.idenfy:sdk-api:5.4.1] AndroidManifest.xml:21:9-33
23    <uses-feature
23-->[com.github.idenfy:sdk-api:5.4.1] AndroidManifest.xml:22:5-24:36
24        android:name="android.hardware.camera.front"
24-->[com.github.idenfy:sdk-api:5.4.1] AndroidManifest.xml:23:9-53
25        android:required="false" />
25-->[com.github.idenfy:sdk-api:5.4.1] AndroidManifest.xml:24:9-33
26    <uses-feature
26-->[com.github.idenfy:sdk-api:5.4.1] AndroidManifest.xml:25:5-27:36
27        android:name="android.hardware.camera.front.autofocus"
27-->[com.github.idenfy:sdk-api:5.4.1] AndroidManifest.xml:26:9-63
28        android:required="false" />
28-->[com.github.idenfy:sdk-api:5.4.1] AndroidManifest.xml:27:9-33
29    <uses-feature
29-->[com.github.idenfy:sdk-api:5.4.1] AndroidManifest.xml:28:5-30:36
30        android:name="android.hardware.nfc"
30-->[com.github.idenfy:sdk-api:5.4.1] AndroidManifest.xml:29:9-44
31        android:required="false" /> <!-- See https://developer.android.com/training/package-visibility/declaring for more details. -->
31-->[com.github.idenfy:sdk-api:5.4.1] AndroidManifest.xml:30:9-33
32    <queries>
32-->[com.stripe:financial-connections:20.5.0] AndroidManifest.xml:12:5-20:15
33
34        <!-- Added to check the default browser that will host the AuthFlow. -->
35        <intent>
35-->[com.stripe:financial-connections:20.5.0] AndroidManifest.xml:15:9-19:18
36            <action android:name="android.intent.action.VIEW" />
36-->[com.stripe:financial-connections:20.5.0] AndroidManifest.xml:16:13-65
36-->[com.stripe:financial-connections:20.5.0] AndroidManifest.xml:16:21-62
37
38            <data android:scheme="http" />
38-->[com.stripe:financial-connections:20.5.0] AndroidManifest.xml:18:13-43
38-->[com.stripe:financial-connections:20.5.0] AndroidManifest.xml:18:19-40
39        </intent>
40        <!-- Added to check if Chrome is installed for browser-based payment authentication (e.g. 3DS1). -->
41        <package android:name="com.android.chrome" /> <!-- Needs to be explicitly declared on Android R+ -->
41-->[com.stripe:payments-core:20.5.0] AndroidManifest.xml:13:9-54
41-->[com.stripe:payments-core:20.5.0] AndroidManifest.xml:13:18-51
42        <package android:name="com.google.android.apps.maps" />
42-->[com.google.android.gms:play-services-maps:18.0.2] AndroidManifest.xml:33:9-64
42-->[com.google.android.gms:play-services-maps:18.0.2] AndroidManifest.xml:33:18-61
43    </queries> <!-- Although the *SdkVersion is captured in gradle build files, this is required for non gradle builds -->
44    <!-- <uses-sdk android:minSdkVersion="14"/> -->
45    <uses-permission android:name="android.permission.ACCESS_NETWORK_STATE" />
45-->[com.google.android.datatransport:transport-backend-cct:2.3.3] AndroidManifest.xml:25:5-79
45-->[com.google.android.datatransport:transport-backend-cct:2.3.3] AndroidManifest.xml:25:22-76
46
47    <uses-feature
47-->[com.google.android.gms:play-services-maps:18.0.2] AndroidManifest.xml:26:5-28:35
48        android:glEsVersion="0x00020000"
48-->[com.google.android.gms:play-services-maps:18.0.2] AndroidManifest.xml:27:9-41
49        android:required="true" />
49-->[com.google.android.gms:play-services-maps:18.0.2] AndroidManifest.xml:28:9-32
50
51    <application
51-->src/main/AndroidManifest.xml:6:5-25:19
52        android:name="com.test1.MainApplication"
52-->src/main/AndroidManifest.xml:7:7-38
53        android:allowBackup="false"
53-->src/main/AndroidManifest.xml:11:7-34
54        android:appComponentFactory="androidx.core.app.CoreComponentFactory"
54-->[androidx.core:core:1.7.0] AndroidManifest.xml:24:18-86
55        android:debuggable="true"
56        android:hardwareAccelerated="true"
56-->[com.github.idenfy:sdk-facetec:9.1.3] AndroidManifest.xml:28:9-43
57        android:icon="@mipmap/ic_launcher"
57-->src/main/AndroidManifest.xml:9:7-41
58        android:label="@string/app_name"
58-->src/main/AndroidManifest.xml:8:7-39
59        android:largeHeap="true"
59-->[com.github.idenfy:sdk-facetec:9.1.3] AndroidManifest.xml:29:9-33
60        android:roundIcon="@mipmap/ic_launcher_round"
60-->src/main/AndroidManifest.xml:10:7-52
61        android:theme="@style/AppTheme"
61-->src/main/AndroidManifest.xml:12:7-38
62        android:usesCleartextTraffic="true" >
62-->src/debug/AndroidManifest.xml:8:9-44
63        <activity
63-->src/debug/AndroidManifest.xml:11:9-111
64            android:name="com.facebook.react.devsupport.DevSettingsActivity"
64-->src/debug/AndroidManifest.xml:11:19-83
65            android:exported="false" />
65-->src/debug/AndroidManifest.xml:11:84-108
66        <activity
66-->src/main/AndroidManifest.xml:13:7-24:18
67            android:name="com.test1.MainActivity"
67-->src/main/AndroidManifest.xml:14:9-37
68            android:configChanges="keyboard|keyboardHidden|orientation|screenLayout|screenSize|smallestScreenSize|uiMode"
68-->src/main/AndroidManifest.xml:16:9-118
69            android:exported="true"
69-->src/main/AndroidManifest.xml:19:9-32
70            android:label="@string/app_name"
70-->src/main/AndroidManifest.xml:15:9-41
71            android:launchMode="singleTask"
71-->src/main/AndroidManifest.xml:17:9-40
72            android:windowSoftInputMode="adjustResize" >
72-->src/main/AndroidManifest.xml:18:9-51
73            <intent-filter>
73-->src/main/AndroidManifest.xml:20:9-23:25
74                <action android:name="android.intent.action.MAIN" />
74-->src/main/AndroidManifest.xml:21:13-65
74-->src/main/AndroidManifest.xml:21:21-62
75
76                <category android:name="android.intent.category.LAUNCHER" />
76-->src/main/AndroidManifest.xml:22:13-73
76-->src/main/AndroidManifest.xml:22:23-70
77            </intent-filter>
78        </activity>
79
80        <meta-data
80-->[com.github.idenfy:sdk-api:5.4.1] AndroidManifest.xml:33:9-35:36
81            android:name="com.google.mlkit.vision.DEPENDENCIES"
81-->[com.github.idenfy:sdk-api:5.4.1] AndroidManifest.xml:34:13-64
82            android:value="face" />
82-->[com.github.idenfy:sdk-api:5.4.1] AndroidManifest.xml:35:13-33
83        <meta-data
83-->[com.github.idenfy:sdk-api:5.4.1] AndroidManifest.xml:36:9-38:36
84            android:name="android.nfc.disable_beam_default"
84-->[com.github.idenfy:sdk-api:5.4.1] AndroidManifest.xml:37:13-60
85            android:value="true" />
85-->[com.github.idenfy:sdk-api:5.4.1] AndroidManifest.xml:38:13-33
86        <meta-data
86-->[com.github.idenfy:sdk-api:5.4.1] AndroidManifest.xml:39:9-41:105
87            android:name="io.sentry.dsn"
87-->[com.github.idenfy:sdk-api:5.4.1] AndroidManifest.xml:40:13-41
88            android:value="https://fc47af7c552d49e78bd61e76a49cd92e@o513512.ingest.sentry.io/5656687" />
88-->[com.github.idenfy:sdk-api:5.4.1] AndroidManifest.xml:41:13-102
89
90        <activity
90-->[com.github.idenfy:sdk-api:5.4.1] AndroidManifest.xml:43:9-48:55
91            android:name="com.idenfy.idenfySdk.core.ui.view.IdenfyMainActivity"
91-->[com.github.idenfy:sdk-api:5.4.1] AndroidManifest.xml:44:13-80
92            android:resizeableActivity="false"
92-->[com.github.idenfy:sdk-api:5.4.1] AndroidManifest.xml:45:13-47
93            android:screenOrientation="portrait"
93-->[com.github.idenfy:sdk-api:5.4.1] AndroidManifest.xml:46:13-49
94            android:theme="@style/IdenfyTheme"
94-->[com.github.idenfy:sdk-api:5.4.1] AndroidManifest.xml:47:13-47
95            android:windowSoftInputMode="adjustPan" />
95-->[com.github.idenfy:sdk-api:5.4.1] AndroidManifest.xml:48:13-52
96        <activity
96-->[com.stripe:financial-connections:20.5.0] AndroidManifest.xml:23:9-42:20
97            android:name="com.stripe.android.financialconnections.FinancialConnectionsSheetRedirectActivity"
97-->[com.stripe:financial-connections:20.5.0] AndroidManifest.xml:24:13-109
98            android:exported="true" >
98-->[com.stripe:financial-connections:20.5.0] AndroidManifest.xml:25:13-36
99            <intent-filter>
99-->[com.stripe:financial-connections:20.5.0] AndroidManifest.xml:26:13-41:29
100                <action android:name="android.intent.action.VIEW" />
100-->[com.stripe:financial-connections:20.5.0] AndroidManifest.xml:16:13-65
100-->[com.stripe:financial-connections:20.5.0] AndroidManifest.xml:16:21-62
101
102                <category android:name="android.intent.category.DEFAULT" />
102-->[com.stripe:financial-connections:20.5.0] AndroidManifest.xml:29:17-76
102-->[com.stripe:financial-connections:20.5.0] AndroidManifest.xml:29:27-73
103                <category android:name="android.intent.category.BROWSABLE" />
103-->[com.stripe:financial-connections:20.5.0] AndroidManifest.xml:30:17-78
103-->[com.stripe:financial-connections:20.5.0] AndroidManifest.xml:30:27-75
104
105                <!-- Accepts success and cancel URIs that begin with "stripe-auth://link-accounts” -->
106                <data
106-->[com.stripe:financial-connections:20.5.0] AndroidManifest.xml:18:13-43
107                    android:host="link-accounts"
108                    android:path="/com.test1/success"
109                    android:scheme="stripe-auth" />
109-->[com.stripe:financial-connections:20.5.0] AndroidManifest.xml:18:19-40
110                <data
110-->[com.stripe:financial-connections:20.5.0] AndroidManifest.xml:18:13-43
111                    android:host="link-accounts"
112                    android:path="/com.test1/cancel"
113                    android:scheme="stripe-auth" />
113-->[com.stripe:financial-connections:20.5.0] AndroidManifest.xml:18:19-40
114            </intent-filter>
115        </activity>
116        <activity
116-->[com.stripe:financial-connections:20.5.0] AndroidManifest.xml:43:9-46:57
117            android:name="com.stripe.android.financialconnections.FinancialConnectionsSheetActivity"
117-->[com.stripe:financial-connections:20.5.0] AndroidManifest.xml:44:13-101
118            android:exported="false"
118-->[com.stripe:financial-connections:20.5.0] AndroidManifest.xml:45:13-37
119            android:theme="@style/StripeDefaultTheme" />
119-->[com.stripe:financial-connections:20.5.0] AndroidManifest.xml:46:13-54
120        <activity
120-->[com.stripe:paymentsheet:20.5.0] AndroidManifest.xml:10:9-13:69
121            android:name="com.stripe.android.paymentsheet.PaymentSheetActivity"
121-->[com.stripe:paymentsheet:20.5.0] AndroidManifest.xml:11:13-80
122            android:exported="false"
122-->[com.stripe:paymentsheet:20.5.0] AndroidManifest.xml:12:13-37
123            android:theme="@style/StripePaymentSheetDefaultTheme" />
123-->[com.stripe:paymentsheet:20.5.0] AndroidManifest.xml:13:13-66
124        <activity
124-->[com.stripe:paymentsheet:20.5.0] AndroidManifest.xml:14:9-17:69
125            android:name="com.stripe.android.paymentsheet.PaymentOptionsActivity"
125-->[com.stripe:paymentsheet:20.5.0] AndroidManifest.xml:15:13-82
126            android:exported="false"
126-->[com.stripe:paymentsheet:20.5.0] AndroidManifest.xml:16:13-37
127            android:theme="@style/StripePaymentSheetDefaultTheme" />
127-->[com.stripe:paymentsheet:20.5.0] AndroidManifest.xml:17:13-66
128        <activity
128-->[com.stripe:link:20.5.0] AndroidManifest.xml:10:9-13:44
129            android:name="com.stripe.android.link.LinkActivity"
129-->[com.stripe:link:20.5.0] AndroidManifest.xml:11:13-64
130            android:exported="false"
130-->[com.stripe:link:20.5.0] AndroidManifest.xml:12:13-37
131            android:label="@string/link" />
131-->[com.stripe:link:20.5.0] AndroidManifest.xml:13:13-41
132        <activity
132-->[com.stripe:payments-ui-core:20.5.0] AndroidManifest.xml:10:9-13:69
133            android:name="com.stripe.android.ui.core.cardscan.CardScanActivity"
133-->[com.stripe:payments-ui-core:20.5.0] AndroidManifest.xml:11:13-80
134            android:exported="false"
134-->[com.stripe:payments-ui-core:20.5.0] AndroidManifest.xml:12:13-37
135            android:theme="@style/StripePaymentSheetDefaultTheme" />
135-->[com.stripe:payments-ui-core:20.5.0] AndroidManifest.xml:13:13-66
136        <activity
136-->[com.stripe:payments-core:20.5.0] AndroidManifest.xml:17:9-20:57
137            android:name="com.stripe.android.view.AddPaymentMethodActivity"
137-->[com.stripe:payments-core:20.5.0] AndroidManifest.xml:18:13-76
138            android:exported="false"
138-->[com.stripe:payments-core:20.5.0] AndroidManifest.xml:19:13-37
139            android:theme="@style/StripeDefaultTheme" />
139-->[com.stripe:payments-core:20.5.0] AndroidManifest.xml:20:13-54
140        <activity
140-->[com.stripe:payments-core:20.5.0] AndroidManifest.xml:21:9-24:57
141            android:name="com.stripe.android.view.PaymentMethodsActivity"
141-->[com.stripe:payments-core:20.5.0] AndroidManifest.xml:22:13-74
142            android:exported="false"
142-->[com.stripe:payments-core:20.5.0] AndroidManifest.xml:23:13-37
143            android:theme="@style/StripeDefaultTheme" />
143-->[com.stripe:payments-core:20.5.0] AndroidManifest.xml:24:13-54
144        <activity
144-->[com.stripe:payments-core:20.5.0] AndroidManifest.xml:25:9-28:57
145            android:name="com.stripe.android.view.PaymentFlowActivity"
145-->[com.stripe:payments-core:20.5.0] AndroidManifest.xml:26:13-71
146            android:exported="false"
146-->[com.stripe:payments-core:20.5.0] AndroidManifest.xml:27:13-37
147            android:theme="@style/StripeDefaultTheme" />
147-->[com.stripe:payments-core:20.5.0] AndroidManifest.xml:28:13-54
148        <activity
148-->[com.stripe:payments-core:20.5.0] AndroidManifest.xml:29:9-33:58
149            android:name="com.stripe.android.view.PaymentAuthWebViewActivity"
149-->[com.stripe:payments-core:20.5.0] AndroidManifest.xml:30:13-78
150            android:exported="false"
150-->[com.stripe:payments-core:20.5.0] AndroidManifest.xml:31:13-37
151            android:theme="@style/StripeDefaultTheme"
151-->[com.stripe:payments-core:20.5.0] AndroidManifest.xml:32:13-54
152            android:windowSoftInputMode="adjustResize" />
152-->[com.stripe:payments-core:20.5.0] AndroidManifest.xml:33:13-55
153        <activity
153-->[com.stripe:payments-core:20.5.0] AndroidManifest.xml:34:9-37:61
154            android:name="com.stripe.android.view.PaymentRelayActivity"
154-->[com.stripe:payments-core:20.5.0] AndroidManifest.xml:35:13-72
155            android:exported="false"
155-->[com.stripe:payments-core:20.5.0] AndroidManifest.xml:36:13-37
156            android:theme="@style/StripeTransparentTheme" />
156-->[com.stripe:payments-core:20.5.0] AndroidManifest.xml:37:13-58
157        <!--
158        Set android:launchMode="singleTop" so that the StripeBrowserLauncherActivity instance that
159        launched the browser Activity will also handle the return URL deep link.
160        -->
161        <activity
161-->[com.stripe:payments-core:20.5.0] AndroidManifest.xml:43:9-47:61
162            android:name="com.stripe.android.payments.StripeBrowserLauncherActivity"
162-->[com.stripe:payments-core:20.5.0] AndroidManifest.xml:44:13-85
163            android:exported="false"
163-->[com.stripe:payments-core:20.5.0] AndroidManifest.xml:45:13-37
164            android:launchMode="singleTask"
164-->[com.stripe:payments-core:20.5.0] AndroidManifest.xml:46:13-44
165            android:theme="@style/StripeTransparentTheme" />
165-->[com.stripe:payments-core:20.5.0] AndroidManifest.xml:47:13-58
166        <activity
166-->[com.stripe:payments-core:20.5.0] AndroidManifest.xml:48:9-65:20
167            android:name="com.stripe.android.payments.StripeBrowserProxyReturnActivity"
167-->[com.stripe:payments-core:20.5.0] AndroidManifest.xml:49:13-88
168            android:exported="true"
168-->[com.stripe:payments-core:20.5.0] AndroidManifest.xml:50:13-36
169            android:launchMode="singleTask"
169-->[com.stripe:payments-core:20.5.0] AndroidManifest.xml:51:13-44
170            android:theme="@style/StripeTransparentTheme" >
170-->[com.stripe:payments-core:20.5.0] AndroidManifest.xml:52:13-58
171            <intent-filter>
171-->[com.stripe:payments-core:20.5.0] AndroidManifest.xml:53:13-64:29
172                <action android:name="android.intent.action.VIEW" />
172-->[com.stripe:financial-connections:20.5.0] AndroidManifest.xml:16:13-65
172-->[com.stripe:financial-connections:20.5.0] AndroidManifest.xml:16:21-62
173
174                <category android:name="android.intent.category.DEFAULT" />
174-->[com.stripe:financial-connections:20.5.0] AndroidManifest.xml:29:17-76
174-->[com.stripe:financial-connections:20.5.0] AndroidManifest.xml:29:27-73
175                <category android:name="android.intent.category.BROWSABLE" />
175-->[com.stripe:financial-connections:20.5.0] AndroidManifest.xml:30:17-78
175-->[com.stripe:financial-connections:20.5.0] AndroidManifest.xml:30:27-75
176
177                <!-- Must match `DefaultReturnUrl#value`. -->
178                <data
178-->[com.stripe:financial-connections:20.5.0] AndroidManifest.xml:18:13-43
179                    android:host="payment_return_url"
180                    android:path="/com.test1"
181                    android:scheme="stripesdk" />
181-->[com.stripe:financial-connections:20.5.0] AndroidManifest.xml:18:19-40
182            </intent-filter>
183        </activity>
184        <activity
184-->[com.stripe:payments-core:20.5.0] AndroidManifest.xml:66:9-69:57
185            android:name="com.stripe.android.payments.core.authentication.threeds2.Stripe3ds2TransactionActivity"
185-->[com.stripe:payments-core:20.5.0] AndroidManifest.xml:67:13-114
186            android:exported="false"
186-->[com.stripe:payments-core:20.5.0] AndroidManifest.xml:68:13-37
187            android:theme="@style/StripeDefaultTheme" />
187-->[com.stripe:payments-core:20.5.0] AndroidManifest.xml:69:13-54
188        <activity
188-->[com.stripe:payments-core:20.5.0] AndroidManifest.xml:70:9-73:66
189            android:name="com.stripe.android.googlepaylauncher.StripeGooglePayActivity"
189-->[com.stripe:payments-core:20.5.0] AndroidManifest.xml:71:13-88
190            android:exported="false"
190-->[com.stripe:payments-core:20.5.0] AndroidManifest.xml:72:13-37
191            android:theme="@style/StripeGooglePayDefaultTheme" />
191-->[com.stripe:payments-core:20.5.0] AndroidManifest.xml:73:13-63
192        <activity
192-->[com.stripe:payments-core:20.5.0] AndroidManifest.xml:74:9-77:66
193            android:name="com.stripe.android.googlepaylauncher.GooglePayLauncherActivity"
193-->[com.stripe:payments-core:20.5.0] AndroidManifest.xml:75:13-90
194            android:exported="false"
194-->[com.stripe:payments-core:20.5.0] AndroidManifest.xml:76:13-37
195            android:theme="@style/StripeGooglePayDefaultTheme" />
195-->[com.stripe:payments-core:20.5.0] AndroidManifest.xml:77:13-63
196        <activity
196-->[com.stripe:payments-core:20.5.0] AndroidManifest.xml:78:9-81:66
197            android:name="com.stripe.android.googlepaylauncher.GooglePayPaymentMethodLauncherActivity"
197-->[com.stripe:payments-core:20.5.0] AndroidManifest.xml:79:13-103
198            android:exported="false"
198-->[com.stripe:payments-core:20.5.0] AndroidManifest.xml:80:13-37
199            android:theme="@style/StripeGooglePayDefaultTheme" />
199-->[com.stripe:payments-core:20.5.0] AndroidManifest.xml:81:13-63
200        <activity
200-->[com.stripe:payments-core:20.5.0] AndroidManifest.xml:82:9-85:62
201            android:name="com.stripe.android.payments.paymentlauncher.PaymentLauncherConfirmationActivity"
201-->[com.stripe:payments-core:20.5.0] AndroidManifest.xml:83:13-107
202            android:exported="false"
202-->[com.stripe:payments-core:20.5.0] AndroidManifest.xml:84:13-37
203            android:theme="@style/PayLauncherDefaultTheme" />
203-->[com.stripe:payments-core:20.5.0] AndroidManifest.xml:85:13-59
204        <activity
204-->[com.stripe:payments-core:20.5.0] AndroidManifest.xml:86:9-89:61
205            android:name="com.stripe.android.payments.bankaccount.ui.CollectBankAccountActivity"
205-->[com.stripe:payments-core:20.5.0] AndroidManifest.xml:87:13-97
206            android:exported="false"
206-->[com.stripe:payments-core:20.5.0] AndroidManifest.xml:88:13-37
207            android:theme="@style/StripeTransparentTheme" />
207-->[com.stripe:payments-core:20.5.0] AndroidManifest.xml:89:13-58
208        <activity
208-->[com.stripe:stripe-3ds2-android:6.1.5] AndroidManifest.xml:10:9-13:54
209            android:name="com.stripe.android.stripe3ds2.views.ChallengeActivity"
209-->[com.stripe:stripe-3ds2-android:6.1.5] AndroidManifest.xml:11:13-81
210            android:exported="false"
210-->[com.stripe:stripe-3ds2-android:6.1.5] AndroidManifest.xml:12:13-37
211            android:theme="@style/Stripe3DS2Theme" />
211-->[com.stripe:stripe-3ds2-android:6.1.5] AndroidManifest.xml:13:13-51
212
213        <service
213-->[com.google.android.gms:play-services-mlkit-face-detection:16.2.0] AndroidManifest.xml:9:9-15:19
214            android:name="com.google.mlkit.common.internal.MlKitComponentDiscoveryService"
214-->[com.google.android.gms:play-services-mlkit-face-detection:16.2.0] AndroidManifest.xml:10:13-91
215            android:directBootAware="true"
215-->[com.google.mlkit:common:17.1.1] AndroidManifest.xml:17:13-43
216            android:exported="false" >
216-->[com.google.android.gms:play-services-mlkit-face-detection:16.2.0] AndroidManifest.xml:11:13-37
217            <meta-data
217-->[com.google.android.gms:play-services-mlkit-face-detection:16.2.0] AndroidManifest.xml:12:13-14:85
218                android:name="com.google.firebase.components:com.google.mlkit.vision.face.internal.FaceRegistrar"
218-->[com.google.android.gms:play-services-mlkit-face-detection:16.2.0] AndroidManifest.xml:13:17-114
219                android:value="com.google.firebase.components.ComponentRegistrar" />
219-->[com.google.android.gms:play-services-mlkit-face-detection:16.2.0] AndroidManifest.xml:14:17-82
220            <meta-data
220-->[com.google.mlkit:vision-common:16.5.0] AndroidManifest.xml:12:13-14:85
221                android:name="com.google.firebase.components:com.google.mlkit.vision.common.internal.VisionCommonRegistrar"
221-->[com.google.mlkit:vision-common:16.5.0] AndroidManifest.xml:13:17-124
222                android:value="com.google.firebase.components.ComponentRegistrar" />
222-->[com.google.mlkit:vision-common:16.5.0] AndroidManifest.xml:14:17-82
223            <meta-data
223-->[com.google.mlkit:common:17.1.1] AndroidManifest.xml:20:13-22:85
224                android:name="com.google.firebase.components:com.google.mlkit.common.internal.CommonComponentRegistrar"
224-->[com.google.mlkit:common:17.1.1] AndroidManifest.xml:21:17-120
225                android:value="com.google.firebase.components.ComponentRegistrar" />
225-->[com.google.mlkit:common:17.1.1] AndroidManifest.xml:22:17-82
226        </service>
227
228        <provider
228-->[com.google.mlkit:common:17.1.1] AndroidManifest.xml:9:9-13:38
229            android:name="com.google.mlkit.common.internal.MlKitInitProvider"
229-->[com.google.mlkit:common:17.1.1] AndroidManifest.xml:10:13-78
230            android:authorities="com.test1.mlkitinitprovider"
230-->[com.google.mlkit:common:17.1.1] AndroidManifest.xml:11:13-69
231            android:exported="false"
231-->[com.google.mlkit:common:17.1.1] AndroidManifest.xml:12:13-37
232            android:initOrder="99" />
232-->[com.google.mlkit:common:17.1.1] AndroidManifest.xml:13:13-35
233
234        <service
234-->[com.google.android.datatransport:transport-backend-cct:2.3.3] AndroidManifest.xml:29:9-35:19
235            android:name="com.google.android.datatransport.runtime.backends.TransportBackendDiscovery"
235-->[com.google.android.datatransport:transport-backend-cct:2.3.3] AndroidManifest.xml:30:13-103
236            android:exported="false" >
236-->[com.google.android.datatransport:transport-backend-cct:2.3.3] AndroidManifest.xml:31:13-37
237            <meta-data
237-->[com.google.android.datatransport:transport-backend-cct:2.3.3] AndroidManifest.xml:32:13-34:39
238                android:name="backend:com.google.android.datatransport.cct.CctBackendFactory"
238-->[com.google.android.datatransport:transport-backend-cct:2.3.3] AndroidManifest.xml:33:17-94
239                android:value="cct" />
239-->[com.google.android.datatransport:transport-backend-cct:2.3.3] AndroidManifest.xml:34:17-36
240        </service>
241        <service
241-->[com.google.android.datatransport:transport-runtime:2.2.6] AndroidManifest.xml:26:9-30:19
242            android:name="com.google.android.datatransport.runtime.scheduling.jobscheduling.JobInfoSchedulerService"
242-->[com.google.android.datatransport:transport-runtime:2.2.6] AndroidManifest.xml:27:13-117
243            android:exported="false"
243-->[com.google.android.datatransport:transport-runtime:2.2.6] AndroidManifest.xml:28:13-37
244            android:permission="android.permission.BIND_JOB_SERVICE" >
244-->[com.google.android.datatransport:transport-runtime:2.2.6] AndroidManifest.xml:29:13-69
245        </service>
246
247        <receiver
247-->[com.google.android.datatransport:transport-runtime:2.2.6] AndroidManifest.xml:32:9-34:40
248            android:name="com.google.android.datatransport.runtime.scheduling.jobscheduling.AlarmManagerSchedulerBroadcastReceiver"
248-->[com.google.android.datatransport:transport-runtime:2.2.6] AndroidManifest.xml:33:13-132
249            android:exported="false" />
249-->[com.google.android.datatransport:transport-runtime:2.2.6] AndroidManifest.xml:34:13-37
250
251        <provider
251-->[androidx.emoji2:emoji2:1.0.0] AndroidManifest.xml:26:9-34:20
252            android:name="androidx.startup.InitializationProvider"
252-->[androidx.emoji2:emoji2:1.0.0] AndroidManifest.xml:27:13-67
253            android:authorities="com.test1.androidx-startup"
253-->[androidx.emoji2:emoji2:1.0.0] AndroidManifest.xml:28:13-68
254            android:exported="false" >
254-->[androidx.emoji2:emoji2:1.0.0] AndroidManifest.xml:29:13-37
255            <meta-data
255-->[androidx.emoji2:emoji2:1.0.0] AndroidManifest.xml:31:13-33:52
256                android:name="androidx.emoji2.text.EmojiCompatInitializer"
256-->[androidx.emoji2:emoji2:1.0.0] AndroidManifest.xml:32:17-75
257                android:value="androidx.startup" />
257-->[androidx.emoji2:emoji2:1.0.0] AndroidManifest.xml:33:17-49
258            <meta-data
258-->[androidx.lifecycle:lifecycle-process:2.4.0] AndroidManifest.xml:31:13-33:52
259                android:name="androidx.lifecycle.ProcessLifecycleInitializer"
259-->[androidx.lifecycle:lifecycle-process:2.4.0] AndroidManifest.xml:32:17-78
260                android:value="androidx.startup" />
260-->[androidx.lifecycle:lifecycle-process:2.4.0] AndroidManifest.xml:33:17-49
261            <meta-data
261-->[androidx.profileinstaller:profileinstaller:1.1.0] AndroidManifest.xml:31:13-33:52
262                android:name="androidx.profileinstaller.ProfileInstallerInitializer"
262-->[androidx.profileinstaller:profileinstaller:1.1.0] AndroidManifest.xml:32:17-85
263                android:value="androidx.startup" />
263-->[androidx.profileinstaller:profileinstaller:1.1.0] AndroidManifest.xml:33:17-49
264        </provider> <!-- Needs to be explicitly declared on P+ -->
265        <uses-library
265-->[com.google.android.gms:play-services-maps:18.0.2] AndroidManifest.xml:39:9-41:40
266            android:name="org.apache.http.legacy"
266-->[com.google.android.gms:play-services-maps:18.0.2] AndroidManifest.xml:40:13-50
267            android:required="false" />
267-->[com.google.android.gms:play-services-maps:18.0.2] AndroidManifest.xml:41:13-37
268
269        <activity
269-->[com.google.android.gms:play-services-base:18.0.1] AndroidManifest.xml:20:9-22:45
270            android:name="com.google.android.gms.common.api.GoogleApiActivity"
270-->[com.google.android.gms:play-services-base:18.0.1] AndroidManifest.xml:20:19-85
271            android:exported="false"
271-->[com.google.android.gms:play-services-base:18.0.1] AndroidManifest.xml:22:19-43
272            android:theme="@android:style/Theme.Translucent.NoTitleBar" />
272-->[com.google.android.gms:play-services-base:18.0.1] AndroidManifest.xml:21:19-78
273